[INFO  - 2018-12-28T10:28:24.803Z] GhostDriver - Main - running on port 61649
[INFO  - 2018-12-28T10:28:25.899Z] Session [4f4e3c50-0a8b-11e9-8e47-01f2da61d809] - page.settings - {"XSSAuditingEnabled":false,"javascriptCanCloseWindows":true,"javascriptCanOpenWindows":true,"javascriptEnabled":true,"loadImages":false,"localToRemoteUrlAccessEnabled":false,"userAgent":"Mozilla/5.0 (Windows NT 6.2; WOW64) AppleWebKit/538.1 (KHTML, like Gecko) PhantomJS/2.1.1 Safari/538.1","webSecurityEnabled":true}
[INFO  - 2018-12-28T10:28:25.899Z] Session [4f4e3c50-0a8b-11e9-8e47-01f2da61d809] - page.customHeaders:  - {}
[INFO  - 2018-12-28T10:28:25.900Z] Session [4f4e3c50-0a8b-11e9-8e47-01f2da61d809] - Session.negotiatedCapabilities - {"browserName":"phantomjs","version":"2.1.1","driverName":"ghostdriver","driverVersion":"1.2.0","platform":"windows-10-32bit","javascriptEnabled":true,"takesScreenshot":true,"handlesAlerts":false,"databaseEnabled":false,"locationContextEnabled":false,"applicationCacheEnabled":false,"browserConnectionEnabled":false,"cssSelectorsEnabled":true,"webStorageEnabled":false,"rotatable":false,"acceptSslCerts":false,"nativeEvents":true,"proxy":{"proxyType":"direct"}}
[INFO  - 2018-12-28T10:28:25.900Z] SessionManagerReqHand - _postNewSessionCommand - New Session Created: 4f4e3c50-0a8b-11e9-8e47-01f2da61d809
[ERROR - 2018-12-28T10:28:28.217Z] Session [4f4e3c50-0a8b-11e9-8e47-01f2da61d809] - page.onError - msg: kg/combobox/6.2.7/index is not loaded! can not find module in path : https://g.alicdn.com/kg/??combobox/6.2.7/index-min.js,search-suggest/6.3.1/mods/local-query-min.js,search-suggest/6.3.1/mods/menu-min.js,search-suggest/6.3.1/tpl/cloud-min.js,search-suggest/6.3.1/mods/bts-min.js,uploader/6.2.13/index-min.js,uploader/6.2.13/plugins/auth/auth-min.js,uploader/6.2.13/plugins/filedrop/filedrop-min.js,search-suggest/6.3.1/mods/stat-min.js,uploader/6.2.13/theme-min.js

  phantomjs://platform/console++.js:263 in error
[ERROR - 2018-12-28T10:28:28.219Z] Session [4f4e3c50-0a8b-11e9-8e47-01f2da61d809] - page.onError - stack:
  (anonymous function) (https://g.alicdn.com/??kissy/k/6.2.4/seed-min.js,kg/global-util/1.0.7/index-min.js,tb/tracker/4.3.12/index.js,kg/tb-nav/2.5.3/index-min.js,secdev/sufei_data/3.3.5/index.js:5)

  phantomjs://platform/console++.js:263 in error
[ERROR - 2018-12-28T10:28:28.220Z] Session [4f4e3c50-0a8b-11e9-8e47-01f2da61d809] - page.onError - msg: kg/search-suggest/6.3.1/mods/local-query is not loaded! can not find module in path : https://g.alicdn.com/kg/??combobox/6.2.7/index-min.js,search-suggest/6.3.1/mods/local-query-min.js,search-suggest/6.3.1/mods/menu-min.js,search-suggest/6.3.1/tpl/cloud-min.js,search-suggest/6.3.1/mods/bts-min.js,uploader/6.2.13/index-min.js,uploader/6.2.13/plugins/auth/auth-min.js,uploader/6.2.13/plugins/filedrop/filedrop-min.js,search-suggest/6.3.1/mods/stat-min.js,uploader/6.2.13/theme-min.js

  phantomjs://platform/console++.js:263 in error
[ERROR - 2018-12-28T10:28:28.220Z] Session [4f4e3c50-0a8b-11e9-8e47-01f2da61d809] - page.onError - stack:
  (anonymous function) (https://g.alicdn.com/??kissy/k/6.2.4/seed-min.js,kg/global-util/1.0.7/index-min.js,tb/tracker/4.3.12/index.js,kg/tb-nav/2.5.3/index-min.js,secdev/sufei_data/3.3.5/index.js:5)

  phantomjs://platform/console++.js:263 in error
[ERROR - 2018-12-28T10:28:28.221Z] Session [4f4e3c50-0a8b-11e9-8e47-01f2da61d809] - page.onError - msg: kg/search-suggest/6.3.1/mods/menu is not loaded! can not find module in path : https://g.alicdn.com/kg/??combobox/6.2.7/index-min.js,search-suggest/6.3.1/mods/local-query-min.js,search-suggest/6.3.1/mods/menu-min.js,search-suggest/6.3.1/tpl/cloud-min.js,search-suggest/6.3.1/mods/bts-min.js,uploader/6.2.13/index-min.js,uploader/6.2.13/plugins/auth/auth-min.js,uploader/6.2.13/plugins/filedrop/filedrop-min.js,search-suggest/6.3.1/mods/stat-min.js,uploader/6.2.13/theme-min.js

  phantomjs://platform/console++.js:263 in error
[ERROR - 2018-12-28T10:28:28.221Z] Session [4f4e3c50-0a8b-11e9-8e47-01f2da61d809] - page.onError - stack:
  (anonymous function) (https://g.alicdn.com/??kissy/k/6.2.4/seed-min.js,kg/global-util/1.0.7/index-min.js,tb/tracker/4.3.12/index.js,kg/tb-nav/2.5.3/index-min.js,secdev/sufei_data/3.3.5/index.js:5)

  phantomjs://platform/console++.js:263 in error
[ERROR - 2018-12-28T10:28:28.222Z] Session [4f4e3c50-0a8b-11e9-8e47-01f2da61d809] - page.onError - msg: kg/search-suggest/6.3.1/tpl/cloud is not loaded! can not find module in path : https://g.alicdn.com/kg/??combobox/6.2.7/index-min.js,search-suggest/6.3.1/mods/local-query-min.js,search-suggest/6.3.1/mods/menu-min.js,search-suggest/6.3.1/tpl/cloud-min.js,search-suggest/6.3.1/mods/bts-min.js,uploader/6.2.13/index-min.js,uploader/6.2.13/plugins/auth/auth-min.js,uploader/6.2.13/plugins/filedrop/filedrop-min.js,search-suggest/6.3.1/mods/stat-min.js,uploader/6.2.13/theme-min.js

  phantomjs://platform/console++.js:263 in error
[ERROR - 2018-12-28T10:28:28.223Z] Session [4f4e3c50-0a8b-11e9-8e47-01f2da61d809] - page.onError - stack:
  (anonymous function) (https://g.alicdn.com/??kissy/k/6.2.4/seed-min.js,kg/global-util/1.0.7/index-min.js,tb/tracker/4.3.12/index.js,kg/tb-nav/2.5.3/index-min.js,secdev/sufei_data/3.3.5/index.js:5)

  phantomjs://platform/console++.js:263 in error
[ERROR - 2018-12-28T10:28:28.223Z] Session [4f4e3c50-0a8b-11e9-8e47-01f2da61d809] - page.onError - msg: kg/search-suggest/6.3.1/mods/bts is not loaded! can not find module in path : https://g.alicdn.com/kg/??combobox/6.2.7/index-min.js,search-suggest/6.3.1/mods/local-query-min.js,search-suggest/6.3.1/mods/menu-min.js,search-suggest/6.3.1/tpl/cloud-min.js,search-suggest/6.3.1/mods/bts-min.js,uploader/6.2.13/index-min.js,uploader/6.2.13/plugins/auth/auth-min.js,uploader/6.2.13/plugins/filedrop/filedrop-min.js,search-suggest/6.3.1/mods/stat-min.js,uploader/6.2.13/theme-min.js

  phantomjs://platform/console++.js:263 in error
[ERROR - 2018-12-28T10:28:28.224Z] Session [4f4e3c50-0a8b-11e9-8e47-01f2da61d809] - page.onError - stack:
  (anonymous function) (https://g.alicdn.com/??kissy/k/6.2.4/seed-min.js,kg/global-util/1.0.7/index-min.js,tb/tracker/4.3.12/index.js,kg/tb-nav/2.5.3/index-min.js,secdev/sufei_data/3.3.5/index.js:5)

  phantomjs://platform/console++.js:263 in error
[ERROR - 2018-12-28T10:28:28.224Z] Session [4f4e3c50-0a8b-11e9-8e47-01f2da61d809] - page.onError - msg: kg/uploader/6.2.13/index is not loaded! can not find module in path : https://g.alicdn.com/kg/??combobox/6.2.7/index-min.js,search-suggest/6.3.1/mods/local-query-min.js,search-suggest/6.3.1/mods/menu-min.js,search-suggest/6.3.1/tpl/cloud-min.js,search-suggest/6.3.1/mods/bts-min.js,uploader/6.2.13/index-min.js,uploader/6.2.13/plugins/auth/auth-min.js,uploader/6.2.13/plugins/filedrop/filedrop-min.js,search-suggest/6.3.1/mods/stat-min.js,uploader/6.2.13/theme-min.js

  phantomjs://platform/console++.js:263 in error
[ERROR - 2018-12-28T10:28:28.225Z] Session [4f4e3c50-0a8b-11e9-8e47-01f2da61d809] - page.onError - stack:
  (anonymous function) (https://g.alicdn.com/??kissy/k/6.2.4/seed-min.js,kg/global-util/1.0.7/index-min.js,tb/tracker/4.3.12/index.js,kg/tb-nav/2.5.3/index-min.js,secdev/sufei_data/3.3.5/index.js:5)

  phantomjs://platform/console++.js:263 in error
[ERROR - 2018-12-28T10:28:28.225Z] Session [4f4e3c50-0a8b-11e9-8e47-01f2da61d809] - page.onError - msg: kg/uploader/6.2.13/plugins/auth/auth is not loaded! can not find module in path : https://g.alicdn.com/kg/??combobox/6.2.7/index-min.js,search-suggest/6.3.1/mods/local-query-min.js,search-suggest/6.3.1/mods/menu-min.js,search-suggest/6.3.1/tpl/cloud-min.js,search-suggest/6.3.1/mods/bts-min.js,uploader/6.2.13/index-min.js,uploader/6.2.13/plugins/auth/auth-min.js,uploader/6.2.13/plugins/filedrop/filedrop-min.js,search-suggest/6.3.1/mods/stat-min.js,uploader/6.2.13/theme-min.js

  phantomjs://platform/console++.js:263 in error
[ERROR - 2018-12-28T10:28:28.226Z] Session [4f4e3c50-0a8b-11e9-8e47-01f2da61d809] - page.onError - stack:
  (anonymous function) (https://g.alicdn.com/??kissy/k/6.2.4/seed-min.js,kg/global-util/1.0.7/index-min.js,tb/tracker/4.3.12/index.js,kg/tb-nav/2.5.3/index-min.js,secdev/sufei_data/3.3.5/index.js:5)

  phantomjs://platform/console++.js:263 in error
[ERROR - 2018-12-28T10:28:28.226Z] Session [4f4e3c50-0a8b-11e9-8e47-01f2da61d809] - page.onError - msg: kg/uploader/6.2.13/plugins/filedrop/filedrop is not loaded! can not find module in path : https://g.alicdn.com/kg/??combobox/6.2.7/index-min.js,search-suggest/6.3.1/mods/local-query-min.js,search-suggest/6.3.1/mods/menu-min.js,search-suggest/6.3.1/tpl/cloud-min.js,search-suggest/6.3.1/mods/bts-min.js,uploader/6.2.13/index-min.js,uploader/6.2.13/plugins/auth/auth-min.js,uploader/6.2.13/plugins/filedrop/filedrop-min.js,search-suggest/6.3.1/mods/stat-min.js,uploader/6.2.13/theme-min.js

  phantomjs://platform/console++.js:263 in error
[ERROR - 2018-12-28T10:28:28.227Z] Session [4f4e3c50-0a8b-11e9-8e47-01f2da61d809] - page.onError - stack:
  (anonymous function) (https://g.alicdn.com/??kissy/k/6.2.4/seed-min.js,kg/global-util/1.0.7/index-min.js,tb/tracker/4.3.12/index.js,kg/tb-nav/2.5.3/index-min.js,secdev/sufei_data/3.3.5/index.js:5)

  phantomjs://platform/console++.js:263 in error
[ERROR - 2018-12-28T10:28:28.227Z] Session [4f4e3c50-0a8b-11e9-8e47-01f2da61d809] - page.onError - msg: kg/search-suggest/6.3.1/mods/stat is not loaded! can not find module in path : https://g.alicdn.com/kg/??combobox/6.2.7/index-min.js,search-suggest/6.3.1/mods/local-query-min.js,search-suggest/6.3.1/mods/menu-min.js,search-suggest/6.3.1/tpl/cloud-min.js,search-suggest/6.3.1/mods/bts-min.js,uploader/6.2.13/index-min.js,uploader/6.2.13/plugins/auth/auth-min.js,uploader/6.2.13/plugins/filedrop/filedrop-min.js,search-suggest/6.3.1/mods/stat-min.js,uploader/6.2.13/theme-min.js

  phantomjs://platform/console++.js:263 in error
[ERROR - 2018-12-28T10:28:28.228Z] Session [4f4e3c50-0a8b-11e9-8e47-01f2da61d809] - page.onError - stack:
  (anonymous function) (https://g.alicdn.com/??kissy/k/6.2.4/seed-min.js,kg/global-util/1.0.7/index-min.js,tb/tracker/4.3.12/index.js,kg/tb-nav/2.5.3/index-min.js,secdev/sufei_data/3.3.5/index.js:5)

  phantomjs://platform/console++.js:263 in error
[ERROR - 2018-12-28T10:28:28.228Z] Session [4f4e3c50-0a8b-11e9-8e47-01f2da61d809] - page.onError - msg: kg/uploader/6.2.13/theme is not loaded! can not find module in path : https://g.alicdn.com/kg/??combobox/6.2.7/index-min.js,search-suggest/6.3.1/mods/local-query-min.js,search-suggest/6.3.1/mods/menu-min.js,search-suggest/6.3.1/tpl/cloud-min.js,search-suggest/6.3.1/mods/bts-min.js,uploader/6.2.13/index-min.js,uploader/6.2.13/plugins/auth/auth-min.js,uploader/6.2.13/plugins/filedrop/filedrop-min.js,search-suggest/6.3.1/mods/stat-min.js,uploader/6.2.13/theme-min.js

  phantomjs://platform/console++.js:263 in error
[ERROR - 2018-12-28T10:28:28.229Z] Session [4f4e3c50-0a8b-11e9-8e47-01f2da61d809] - page.onError - stack:
  (anonymous function) (https://g.alicdn.com/??kissy/k/6.2.4/seed-min.js,kg/global-util/1.0.7/index-min.js,tb/tracker/4.3.12/index.js,kg/tb-nav/2.5.3/index-min.js,secdev/sufei_data/3.3.5/index.js:5)

  phantomjs://platform/console++.js:263 in error
[ERROR - 2018-12-28T10:28:28.253Z] Session [4f4e3c50-0a8b-11e9-8e47-01f2da61d809] - page.onError - msg: kg/home-2017/1.4.9/common/head/index is not loaded! can not find module in path : https://g.alicdn.com/kg/??home-2017/1.4.9/common/head/index-min.js,home-2017/1.4.9/c/shop/item.jst.html-min.js,home-2017/1.4.9/c/live/item.jst.html-min.js,home-2017/1.4.9/common/pipe/index-min.js,home-2017/1.4.9/c/hotsale/item.jst.html-min.js,home-2017/1.4.9/c/helper/item.jst.html-min.js,home-2017/1.4.9/c/goods/item.jst.html-min.js,home-2017/1.4.9/c/shopping/item.jst.html-min.js,home-2017/1.4.9/c/qiang/item.jst.html-min.js,home-2017/1.4.9/c/fashion/item.jst.html-min.js,home-2017/1.4.9/c/quality/item.jst.html-min.js,home-2017/1.4.9/c/afford/item.jst.html-min.js

  phantomjs://platform/console++.js:263 in error
[ERROR - 2018-12-28T10:28:28.253Z] Session [4f4e3c50-0a8b-11e9-8e47-01f2da61d809] - page.onError - stack:
  (anonymous function) (https://g.alicdn.com/??kissy/k/6.2.4/seed-min.js,kg/global-util/1.0.7/index-min.js,tb/tracker/4.3.12/index.js,kg/tb-nav/2.5.3/index-min.js,secdev/sufei_data/3.3.5/index.js:5)

  phantomjs://platform/console++.js:263 in error
[ERROR - 2018-12-28T10:28:28.254Z] Session [4f4e3c50-0a8b-11e9-8e47-01f2da61d809] - page.onError - msg: kg/home-2017/1.4.9/c/shop/item.jst.html is not loaded! can not find module in path : https://g.alicdn.com/kg/??home-2017/1.4.9/common/head/index-min.js,home-2017/1.4.9/c/shop/item.jst.html-min.js,home-2017/1.4.9/c/live/item.jst.html-min.js,home-2017/1.4.9/common/pipe/index-min.js,home-2017/1.4.9/c/hotsale/item.jst.html-min.js,home-2017/1.4.9/c/helper/item.jst.html-min.js,home-2017/1.4.9/c/goods/item.jst.html-min.js,home-2017/1.4.9/c/shopping/item.jst.html-min.js,home-2017/1.4.9/c/qiang/item.jst.html-min.js,home-2017/1.4.9/c/fashion/item.jst.html-min.js,home-2017/1.4.9/c/quality/item.jst.html-min.js,home-2017/1.4.9/c/afford/item.jst.html-min.js

  phantomjs://platform/console++.js:263 in error
[ERROR - 2018-12-28T10:28:28.254Z] Session [4f4e3c50-0a8b-11e9-8e47-01f2da61d809] - page.onError - stack:
  (anonymous function) (https://g.alicdn.com/??kissy/k/6.2.4/seed-min.js,kg/global-util/1.0.7/index-min.js,tb/tracker/4.3.12/index.js,kg/tb-nav/2.5.3/index-min.js,secdev/sufei_data/3.3.5/index.js:5)

  phantomjs://platform/console++.js:263 in error
[ERROR - 2018-12-28T10:28:28.255Z] Session [4f4e3c50-0a8b-11e9-8e47-01f2da61d809] - page.onError - msg: kg/home-2017/1.4.9/c/live/item.jst.html is not loaded! can not find module in path : https://g.alicdn.com/kg/??home-2017/1.4.9/common/head/index-min.js,home-2017/1.4.9/c/shop/item.jst.html-min.js,home-2017/1.4.9/c/live/item.jst.html-min.js,home-2017/1.4.9/common/pipe/index-min.js,home-2017/1.4.9/c/hotsale/item.jst.html-min.js,home-2017/1.4.9/c/helper/item.jst.html-min.js,home-2017/1.4.9/c/goods/item.jst.html-min.js,home-2017/1.4.9/c/shopping/item.jst.html-min.js,home-2017/1.4.9/c/qiang/item.jst.html-min.js,home-2017/1.4.9/c/fashion/item.jst.html-min.js,home-2017/1.4.9/c/quality/item.jst.html-min.js,home-2017/1.4.9/c/afford/item.jst.html-min.js

  phantomjs://platform/console++.js:263 in error
[ERROR - 2018-12-28T10:28:28.255Z] Session [4f4e3c50-0a8b-11e9-8e47-01f2da61d809] - page.onError - stack:
  (anonymous function) (https://g.alicdn.com/??kissy/k/6.2.4/seed-min.js,kg/global-util/1.0.7/index-min.js,tb/tracker/4.3.12/index.js,kg/tb-nav/2.5.3/index-min.js,secdev/sufei_data/3.3.5/index.js:5)

  phantomjs://platform/console++.js:263 in error
[ERROR - 2018-12-28T10:28:28.256Z] Session [4f4e3c50-0a8b-11e9-8e47-01f2da61d809] - page.onError - msg: kg/home-2017/1.4.9/common/pipe/index is not loaded! can not find module in path : https://g.alicdn.com/kg/??home-2017/1.4.9/common/head/index-min.js,home-2017/1.4.9/c/shop/item.jst.html-min.js,home-2017/1.4.9/c/live/item.jst.html-min.js,home-2017/1.4.9/common/pipe/index-min.js,home-2017/1.4.9/c/hotsale/item.jst.html-min.js,home-2017/1.4.9/c/helper/item.jst.html-min.js,home-2017/1.4.9/c/goods/item.jst.html-min.js,home-2017/1.4.9/c/shopping/item.jst.html-min.js,home-2017/1.4.9/c/qiang/item.jst.html-min.js,home-2017/1.4.9/c/fashion/item.jst.html-min.js,home-2017/1.4.9/c/quality/item.jst.html-min.js,home-2017/1.4.9/c/afford/item.jst.html-min.js

  phantomjs://platform/console++.js:263 in error
[ERROR - 2018-12-28T10:28:28.256Z] Session [4f4e3c50-0a8b-11e9-8e47-01f2da61d809] - page.onError - stack:
  (anonymous function) (https://g.alicdn.com/??kissy/k/6.2.4/seed-min.js,kg/global-util/1.0.7/index-min.js,tb/tracker/4.3.12/index.js,kg/tb-nav/2.5.3/index-min.js,secdev/sufei_data/3.3.5/index.js:5)

  phantomjs://platform/console++.js:263 in error
[ERROR - 2018-12-28T10:28:28.256Z] Session [4f4e3c50-0a8b-11e9-8e47-01f2da61d809] - page.onError - msg: kg/home-2017/1.4.9/c/hotsale/item.jst.html is not loaded! can not find module in path : https://g.alicdn.com/kg/??home-2017/1.4.9/common/head/index-min.js,home-2017/1.4.9/c/shop/item.jst.html-min.js,home-2017/1.4.9/c/live/item.jst.html-min.js,home-2017/1.4.9/common/pipe/index-min.js,home-2017/1.4.9/c/hotsale/item.jst.html-min.js,home-2017/1.4.9/c/helper/item.jst.html-min.js,home-2017/1.4.9/c/goods/item.jst.html-min.js,home-2017/1.4.9/c/shopping/item.jst.html-min.js,home-2017/1.4.9/c/qiang/item.jst.html-min.js,home-2017/1.4.9/c/fashion/item.jst.html-min.js,home-2017/1.4.9/c/quality/item.jst.html-min.js,home-2017/1.4.9/c/afford/item.jst.html-min.js

  phantomjs://platform/console++.js:263 in error
[ERROR - 2018-12-28T10:28:28.257Z] Session [4f4e3c50-0a8b-11e9-8e47-01f2da61d809] - page.onError - stack:
  (anonymous function) (https://g.alicdn.com/??kissy/k/6.2.4/seed-min.js,kg/global-util/1.0.7/index-min.js,tb/tracker/4.3.12/index.js,kg/tb-nav/2.5.3/index-min.js,secdev/sufei_data/3.3.5/index.js:5)

  phantomjs://platform/console++.js:263 in error
[ERROR - 2018-12-28T10:28:28.257Z] Session [4f4e3c50-0a8b-11e9-8e47-01f2da61d809] - page.onError - msg: kg/home-2017/1.4.9/c/helper/item.jst.html is not loaded! can not find module in path : https://g.alicdn.com/kg/??home-2017/1.4.9/common/head/index-min.js,home-2017/1.4.9/c/shop/item.jst.html-min.js,home-2017/1.4.9/c/live/item.jst.html-min.js,home-2017/1.4.9/common/pipe/index-min.js,home-2017/1.4.9/c/hotsale/item.jst.html-min.js,home-2017/1.4.9/c/helper/item.jst.html-min.js,home-2017/1.4.9/c/goods/item.jst.html-min.js,home-2017/1.4.9/c/shopping/item.jst.html-min.js,home-2017/1.4.9/c/qiang/item.jst.html-min.js,home-2017/1.4.9/c/fashion/item.jst.html-min.js,home-2017/1.4.9/c/quality/item.jst.html-min.js,home-2017/1.4.9/c/afford/item.jst.html-min.js

  phantomjs://platform/console++.js:263 in error
[ERROR - 2018-12-28T10:28:28.258Z] Session [4f4e3c50-0a8b-11e9-8e47-01f2da61d809] - page.onError - stack:
  (anonymous function) (https://g.alicdn.com/??kissy/k/6.2.4/seed-min.js,kg/global-util/1.0.7/index-min.js,tb/tracker/4.3.12/index.js,kg/tb-nav/2.5.3/index-min.js,secdev/sufei_data/3.3.5/index.js:5)

  phantomjs://platform/console++.js:263 in error
[ERROR - 2018-12-28T10:28:28.258Z] Session [4f4e3c50-0a8b-11e9-8e47-01f2da61d809] - page.onError - msg: kg/home-2017/1.4.9/c/goods/item.jst.html is not loaded! can not find module in path : https://g.alicdn.com/kg/??home-2017/1.4.9/common/head/index-min.js,home-2017/1.4.9/c/shop/item.jst.html-min.js,home-2017/1.4.9/c/live/item.jst.html-min.js,home-2017/1.4.9/common/pipe/index-min.js,home-2017/1.4.9/c/hotsale/item.jst.html-min.js,home-2017/1.4.9/c/helper/item.jst.html-min.js,home-2017/1.4.9/c/goods/item.jst.html-min.js,home-2017/1.4.9/c/shopping/item.jst.html-min.js,home-2017/1.4.9/c/qiang/item.jst.html-min.js,home-2017/1.4.9/c/fashion/item.jst.html-min.js,home-2017/1.4.9/c/quality/item.jst.html-min.js,home-2017/1.4.9/c/afford/item.jst.html-min.js

  phantomjs://platform/console++.js:263 in error
[ERROR - 2018-12-28T10:28:28.258Z] Session [4f4e3c50-0a8b-11e9-8e47-01f2da61d809] - page.onError - stack:
  (anonymous function) (https://g.alicdn.com/??kissy/k/6.2.4/seed-min.js,kg/global-util/1.0.7/index-min.js,tb/tracker/4.3.12/index.js,kg/tb-nav/2.5.3/index-min.js,secdev/sufei_data/3.3.5/index.js:5)

  phantomjs://platform/console++.js:263 in error
[ERROR - 2018-12-28T10:28:28.259Z] Session [4f4e3c50-0a8b-11e9-8e47-01f2da61d809] - page.onError - msg: kg/home-2017/1.4.9/c/shopping/item.jst.html is not loaded! can not find module in path : https://g.alicdn.com/kg/??home-2017/1.4.9/common/head/index-min.js,home-2017/1.4.9/c/shop/item.jst.html-min.js,home-2017/1.4.9/c/live/item.jst.html-min.js,home-2017/1.4.9/common/pipe/index-min.js,home-2017/1.4.9/c/hotsale/item.jst.html-min.js,home-2017/1.4.9/c/helper/item.jst.html-min.js,home-2017/1.4.9/c/goods/item.jst.html-min.js,home-2017/1.4.9/c/shopping/item.jst.html-min.js,home-2017/1.4.9/c/qiang/item.jst.html-min.js,home-2017/1.4.9/c/fashion/item.jst.html-min.js,home-2017/1.4.9/c/quality/item.jst.html-min.js,home-2017/1.4.9/c/afford/item.jst.html-min.js

  phantomjs://platform/console++.js:263 in error
[ERROR - 2018-12-28T10:28:28.259Z] Session [4f4e3c50-0a8b-11e9-8e47-01f2da61d809] - page.onError - stack:
  (anonymous function) (https://g.alicdn.com/??kissy/k/6.2.4/seed-min.js,kg/global-util/1.0.7/index-min.js,tb/tracker/4.3.12/index.js,kg/tb-nav/2.5.3/index-min.js,secdev/sufei_data/3.3.5/index.js:5)

  phantomjs://platform/console++.js:263 in error
[ERROR - 2018-12-28T10:28:28.263Z] Session [4f4e3c50-0a8b-11e9-8e47-01f2da61d809] - page.onError - msg: kg/home-2017/1.4.9/c/qiang/item.jst.html is not loaded! can not find module in path : https://g.alicdn.com/kg/??home-2017/1.4.9/common/head/index-min.js,home-2017/1.4.9/c/shop/item.jst.html-min.js,home-2017/1.4.9/c/live/item.jst.html-min.js,home-2017/1.4.9/common/pipe/index-min.js,home-2017/1.4.9/c/hotsale/item.jst.html-min.js,home-2017/1.4.9/c/helper/item.jst.html-min.js,home-2017/1.4.9/c/goods/item.jst.html-min.js,home-2017/1.4.9/c/shopping/item.jst.html-min.js,home-2017/1.4.9/c/qiang/item.jst.html-min.js,home-2017/1.4.9/c/fashion/item.jst.html-min.js,home-2017/1.4.9/c/quality/item.jst.html-min.js,home-2017/1.4.9/c/afford/item.jst.html-min.js

  phantomjs://platform/console++.js:263 in error
[ERROR - 2018-12-28T10:28:28.263Z] Session [4f4e3c50-0a8b-11e9-8e47-01f2da61d809] - page.onError - stack:
  (anonymous function) (https://g.alicdn.com/??kissy/k/6.2.4/seed-min.js,kg/global-util/1.0.7/index-min.js,tb/tracker/4.3.12/index.js,kg/tb-nav/2.5.3/index-min.js,secdev/sufei_data/3.3.5/index.js:5)

  phantomjs://platform/console++.js:263 in error
[ERROR - 2018-12-28T10:28:28.264Z] Session [4f4e3c50-0a8b-11e9-8e47-01f2da61d809] - page.onError - msg: kg/home-2017/1.4.9/c/fashion/item.jst.html is not loaded! can not find module in path : https://g.alicdn.com/kg/??home-2017/1.4.9/common/head/index-min.js,home-2017/1.4.9/c/shop/item.jst.html-min.js,home-2017/1.4.9/c/live/item.jst.html-min.js,home-2017/1.4.9/common/pipe/index-min.js,home-2017/1.4.9/c/hotsale/item.jst.html-min.js,home-2017/1.4.9/c/helper/item.jst.html-min.js,home-2017/1.4.9/c/goods/item.jst.html-min.js,home-2017/1.4.9/c/shopping/item.jst.html-min.js,home-2017/1.4.9/c/qiang/item.jst.html-min.js,home-2017/1.4.9/c/fashion/item.jst.html-min.js,home-2017/1.4.9/c/quality/item.jst.html-min.js,home-2017/1.4.9/c/afford/item.jst.html-min.js

  phantomjs://platform/console++.js:263 in error
[ERROR - 2018-12-28T10:28:28.264Z] Session [4f4e3c50-0a8b-11e9-8e47-01f2da61d809] - page.onError - stack:
  (anonymous function) (https://g.alicdn.com/??kissy/k/6.2.4/seed-min.js,kg/global-util/1.0.7/index-min.js,tb/tracker/4.3.12/index.js,kg/tb-nav/2.5.3/index-min.js,secdev/sufei_data/3.3.5/index.js:5)

  phantomjs://platform/console++.js:263 in error
[ERROR - 2018-12-28T10:28:28.265Z] Session [4f4e3c50-0a8b-11e9-8e47-01f2da61d809] - page.onError - msg: kg/home-2017/1.4.9/c/quality/item.jst.html is not loaded! can not find module in path : https://g.alicdn.com/kg/??home-2017/1.4.9/common/head/index-min.js,home-2017/1.4.9/c/shop/item.jst.html-min.js,home-2017/1.4.9/c/live/item.jst.html-min.js,home-2017/1.4.9/common/pipe/index-min.js,home-2017/1.4.9/c/hotsale/item.jst.html-min.js,home-2017/1.4.9/c/helper/item.jst.html-min.js,home-2017/1.4.9/c/goods/item.jst.html-min.js,home-2017/1.4.9/c/shopping/item.jst.html-min.js,home-2017/1.4.9/c/qiang/item.jst.html-min.js,home-2017/1.4.9/c/fashion/item.jst.html-min.js,home-2017/1.4.9/c/quality/item.jst.html-min.js,home-2017/1.4.9/c/afford/item.jst.html-min.js

  phantomjs://platform/console++.js:263 in error
[ERROR - 2018-12-28T10:28:28.265Z] Session [4f4e3c50-0a8b-11e9-8e47-01f2da61d809] - page.onError - stack:
  (anonymous function) (https://g.alicdn.com/??kissy/k/6.2.4/seed-min.js,kg/global-util/1.0.7/index-min.js,tb/tracker/4.3.12/index.js,kg/tb-nav/2.5.3/index-min.js,secdev/sufei_data/3.3.5/index.js:5)

  phantomjs://platform/console++.js:263 in error
[ERROR - 2018-12-28T10:28:28.266Z] Session [4f4e3c50-0a8b-11e9-8e47-01f2da61d809] - page.onError - msg: kg/home-2017/1.4.9/c/afford/item.jst.html is not loaded! can not find module in path : https://g.alicdn.com/kg/??home-2017/1.4.9/common/head/index-min.js,home-2017/1.4.9/c/shop/item.jst.html-min.js,home-2017/1.4.9/c/live/item.jst.html-min.js,home-2017/1.4.9/common/pipe/index-min.js,home-2017/1.4.9/c/hotsale/item.jst.html-min.js,home-2017/1.4.9/c/helper/item.jst.html-min.js,home-2017/1.4.9/c/goods/item.jst.html-min.js,home-2017/1.4.9/c/shopping/item.jst.html-min.js,home-2017/1.4.9/c/qiang/item.jst.html-min.js,home-2017/1.4.9/c/fashion/item.jst.html-min.js,home-2017/1.4.9/c/quality/item.jst.html-min.js,home-2017/1.4.9/c/afford/item.jst.html-min.js

  phantomjs://platform/console++.js:263 in error
[ERROR - 2018-12-28T10:28:28.266Z] Session [4f4e3c50-0a8b-11e9-8e47-01f2da61d809] - page.onError - stack:
  (anonymous function) (https://g.alicdn.com/??kissy/k/6.2.4/seed-min.js,kg/global-util/1.0.7/index-min.js,tb/tracker/4.3.12/index.js,kg/tb-nav/2.5.3/index-min.js,secdev/sufei_data/3.3.5/index.js:5)

  phantomjs://platform/console++.js:263 in error
[ERROR - 2018-12-28T10:28:31.480Z] WebElementLocator - _handleLocateCommand - Element(s) NOT Found: GAVE UP. Search Stop Time: 1545992911432

  phantomjs://platform/console++.js:263 in error
[ERROR - 2018-12-28T10:28:32.605Z] WebElementLocator - _handleLocateCommand - Element(s) NOT Found: GAVE UP. Search Stop Time: 1545992912578

  phantomjs://platform/console++.js:263 in error
[ERROR - 2018-12-28T10:28:33.697Z] WebElementLocator - _handleLocateCommand - Element(s) NOT Found: GAVE UP. Search Stop Time: 1545992913650

  phantomjs://platform/console++.js:263 in error
[ERROR - 2018-12-28T10:28:34.688Z] WebElementLocator - _handleLocateCommand - Element(s) NOT Found: GAVE UP. Search Stop Time: 1545992914637

  phantomjs://platform/console++.js:263 in error
[ERROR - 2018-12-28T10:28:35.682Z] WebElementLocator - _handleLocateCommand - Element(s) NOT Found: GAVE UP. Search Stop Time: 1545992915636

  phantomjs://platform/console++.js:263 in error
[ERROR - 2018-12-28T10:28:36.680Z] WebElementLocator - _handleLocateCommand - Element(s) NOT Found: GAVE UP. Search Stop Time: 1545992916639

  phantomjs://platform/console++.js:263 in error
[ERROR - 2018-12-28T10:28:37.650Z] WebElementLocator - _handleLocateCommand - Element(s) NOT Found: GAVE UP. Search Stop Time: 1545992917614

  phantomjs://platform/console++.js:263 in error
[ERROR - 2018-12-28T10:28:38.663Z] WebElementLocator - _handleLocateCommand - Element(s) NOT Found: GAVE UP. Search Stop Time: 1545992918615

  phantomjs://platform/console++.js:263 in error
[ERROR - 2018-12-28T10:28:39.759Z] WebElementLocator - _handleLocateCommand - Element(s) NOT Found: GAVE UP. Search Stop Time: 1545992919702

  phantomjs://platform/console++.js:263 in error
[ERROR - 2018-12-28T10:28:40.870Z] WebElementLocator - _handleLocateCommand - Element(s) NOT Found: GAVE UP. Search Stop Time: 1545992920829

  phantomjs://platform/console++.js:263 in error
[ERROR - 2018-12-28T10:28:42.678Z] Session [4f4e3c50-0a8b-11e9-8e47-01f2da61d809] - page.onError - msg: kg/combobox/6.2.7/index is not loaded! can not find module in path : https://g.alicdn.com/kg/??combobox/6.2.7/index-min.js,search-suggest/6.3.1/mods/local-query-min.js,search-suggest/6.3.1/mods/menu-min.js,search-suggest/6.3.1/tpl/cloud-min.js,search-suggest/6.3.1/mods/bts-min.js,uploader/6.2.13/index-min.js,uploader/6.2.13/plugins/auth/auth-min.js,uploader/6.2.13/plugins/filedrop/filedrop-min.js,search-suggest/6.3.1/mods/stat-min.js,uploader/6.2.13/theme-min.js

  phantomjs://platform/console++.js:263 in error
[ERROR - 2018-12-28T10:28:42.678Z] Session [4f4e3c50-0a8b-11e9-8e47-01f2da61d809] - page.onError - stack:
  (anonymous function) (https://g.alicdn.com/??kissy/k/6.2.4/seed-min.js,kg/global-util/1.0.7/index-min.js,tb/tracker/4.3.12/index.js,kg/tb-nav/2.5.3/index-min.js,secdev/sufei_data/3.3.5/index.js:5)

  phantomjs://platform/console++.js:263 in error
[ERROR - 2018-12-28T10:28:42.679Z] Session [4f4e3c50-0a8b-11e9-8e47-01f2da61d809] - page.onError - msg: kg/search-suggest/6.3.1/mods/local-query is not loaded! can not find module in path : https://g.alicdn.com/kg/??combobox/6.2.7/index-min.js,search-suggest/6.3.1/mods/local-query-min.js,search-suggest/6.3.1/mods/menu-min.js,search-suggest/6.3.1/tpl/cloud-min.js,search-suggest/6.3.1/mods/bts-min.js,uploader/6.2.13/index-min.js,uploader/6.2.13/plugins/auth/auth-min.js,uploader/6.2.13/plugins/filedrop/filedrop-min.js,search-suggest/6.3.1/mods/stat-min.js,uploader/6.2.13/theme-min.js

  phantomjs://platform/console++.js:263 in error
[ERROR - 2018-12-28T10:28:42.679Z] Session [4f4e3c50-0a8b-11e9-8e47-01f2da61d809] - page.onError - stack:
  (anonymous function) (https://g.alicdn.com/??kissy/k/6.2.4/seed-min.js,kg/global-util/1.0.7/index-min.js,tb/tracker/4.3.12/index.js,kg/tb-nav/2.5.3/index-min.js,secdev/sufei_data/3.3.5/index.js:5)

  phantomjs://platform/console++.js:263 in error
[ERROR - 2018-12-28T10:28:42.679Z] Session [4f4e3c50-0a8b-11e9-8e47-01f2da61d809] - page.onError - msg: kg/search-suggest/6.3.1/mods/menu is not loaded! can not find module in path : https://g.alicdn.com/kg/??combobox/6.2.7/index-min.js,search-suggest/6.3.1/mods/local-query-min.js,search-suggest/6.3.1/mods/menu-min.js,search-suggest/6.3.1/tpl/cloud-min.js,search-suggest/6.3.1/mods/bts-min.js,uploader/6.2.13/index-min.js,uploader/6.2.13/plugins/auth/auth-min.js,uploader/6.2.13/plugins/filedrop/filedrop-min.js,search-suggest/6.3.1/mods/stat-min.js,uploader/6.2.13/theme-min.js

  phantomjs://platform/console++.js:263 in error
[ERROR - 2018-12-28T10:28:42.679Z] Session [4f4e3c50-0a8b-11e9-8e47-01f2da61d809] - page.onError - stack:
  (anonymous function) (https://g.alicdn.com/??kissy/k/6.2.4/seed-min.js,kg/global-util/1.0.7/index-min.js,tb/tracker/4.3.12/index.js,kg/tb-nav/2.5.3/index-min.js,secdev/sufei_data/3.3.5/index.js:5)

  phantomjs://platform/console++.js:263 in error
[ERROR - 2018-12-28T10:28:42.680Z] Session [4f4e3c50-0a8b-11e9-8e47-01f2da61d809] - page.onError - msg: kg/search-suggest/6.3.1/tpl/cloud is not loaded! can not find module in path : https://g.alicdn.com/kg/??combobox/6.2.7/index-min.js,search-suggest/6.3.1/mods/local-query-min.js,search-suggest/6.3.1/mods/menu-min.js,search-suggest/6.3.1/tpl/cloud-min.js,search-suggest/6.3.1/mods/bts-min.js,uploader/6.2.13/index-min.js,uploader/6.2.13/plugins/auth/auth-min.js,uploader/6.2.13/plugins/filedrop/filedrop-min.js,search-suggest/6.3.1/mods/stat-min.js,uploader/6.2.13/theme-min.js

  phantomjs://platform/console++.js:263 in error
[ERROR - 2018-12-28T10:28:42.680Z] Session [4f4e3c50-0a8b-11e9-8e47-01f2da61d809] - page.onError - stack:
  (anonymous function) (https://g.alicdn.com/??kissy/k/6.2.4/seed-min.js,kg/global-util/1.0.7/index-min.js,tb/tracker/4.3.12/index.js,kg/tb-nav/2.5.3/index-min.js,secdev/sufei_data/3.3.5/index.js:5)

  phantomjs://platform/console++.js:263 in error
[ERROR - 2018-12-28T10:28:42.680Z] Session [4f4e3c50-0a8b-11e9-8e47-01f2da61d809] - page.onError - msg: kg/search-suggest/6.3.1/mods/bts is not loaded! can not find module in path : https://g.alicdn.com/kg/??combobox/6.2.7/index-min.js,search-suggest/6.3.1/mods/local-query-min.js,search-suggest/6.3.1/mods/menu-min.js,search-suggest/6.3.1/tpl/cloud-min.js,search-suggest/6.3.1/mods/bts-min.js,uploader/6.2.13/index-min.js,uploader/6.2.13/plugins/auth/auth-min.js,uploader/6.2.13/plugins/filedrop/filedrop-min.js,search-suggest/6.3.1/mods/stat-min.js,uploader/6.2.13/theme-min.js

  phantomjs://platform/console++.js:263 in error
[ERROR - 2018-12-28T10:28:42.680Z] Session [4f4e3c50-0a8b-11e9-8e47-01f2da61d809] - page.onError - stack:
  (anonymous function) (https://g.alicdn.com/??kissy/k/6.2.4/seed-min.js,kg/global-util/1.0.7/index-min.js,tb/tracker/4.3.12/index.js,kg/tb-nav/2.5.3/index-min.js,secdev/sufei_data/3.3.5/index.js:5)

  phantomjs://platform/console++.js:263 in error
[ERROR - 2018-12-28T10:28:42.681Z] Session [4f4e3c50-0a8b-11e9-8e47-01f2da61d809] - page.onError - msg: kg/uploader/6.2.13/index is not loaded! can not find module in path : https://g.alicdn.com/kg/??combobox/6.2.7/index-min.js,search-suggest/6.3.1/mods/local-query-min.js,search-suggest/6.3.1/mods/menu-min.js,search-suggest/6.3.1/tpl/cloud-min.js,search-suggest/6.3.1/mods/bts-min.js,uploader/6.2.13/index-min.js,uploader/6.2.13/plugins/auth/auth-min.js,uploader/6.2.13/plugins/filedrop/filedrop-min.js,search-suggest/6.3.1/mods/stat-min.js,uploader/6.2.13/theme-min.js

  phantomjs://platform/console++.js:263 in error
[ERROR - 2018-12-28T10:28:42.681Z] Session [4f4e3c50-0a8b-11e9-8e47-01f2da61d809] - page.onError - stack:
  (anonymous function) (https://g.alicdn.com/??kissy/k/6.2.4/seed-min.js,kg/global-util/1.0.7/index-min.js,tb/tracker/4.3.12/index.js,kg/tb-nav/2.5.3/index-min.js,secdev/sufei_data/3.3.5/index.js:5)

  phantomjs://platform/console++.js:263 in error
[ERROR - 2018-12-28T10:28:42.681Z] Session [4f4e3c50-0a8b-11e9-8e47-01f2da61d809] - page.onError - msg: kg/uploader/6.2.13/plugins/auth/auth is not loaded! can not find module in path : https://g.alicdn.com/kg/??combobox/6.2.7/index-min.js,search-suggest/6.3.1/mods/local-query-min.js,search-suggest/6.3.1/mods/menu-min.js,search-suggest/6.3.1/tpl/cloud-min.js,search-suggest/6.3.1/mods/bts-min.js,uploader/6.2.13/index-min.js,uploader/6.2.13/plugins/auth/auth-min.js,uploader/6.2.13/plugins/filedrop/filedrop-min.js,search-suggest/6.3.1/mods/stat-min.js,uploader/6.2.13/theme-min.js

  phantomjs://platform/console++.js:263 in error
[ERROR - 2018-12-28T10:28:42.682Z] Session [4f4e3c50-0a8b-11e9-8e47-01f2da61d809] - page.onError - stack:
  (anonymous function) (https://g.alicdn.com/??kissy/k/6.2.4/seed-min.js,kg/global-util/1.0.7/index-min.js,tb/tracker/4.3.12/index.js,kg/tb-nav/2.5.3/index-min.js,secdev/sufei_data/3.3.5/index.js:5)

  phantomjs://platform/console++.js:263 in error
[ERROR - 2018-12-28T10:28:42.682Z] Session [4f4e3c50-0a8b-11e9-8e47-01f2da61d809] - page.onError - msg: kg/uploader/6.2.13/plugins/filedrop/filedrop is not loaded! can not find module in path : https://g.alicdn.com/kg/??combobox/6.2.7/index-min.js,search-suggest/6.3.1/mods/local-query-min.js,search-suggest/6.3.1/mods/menu-min.js,search-suggest/6.3.1/tpl/cloud-min.js,search-suggest/6.3.1/mods/bts-min.js,uploader/6.2.13/index-min.js,uploader/6.2.13/plugins/auth/auth-min.js,uploader/6.2.13/plugins/filedrop/filedrop-min.js,search-suggest/6.3.1/mods/stat-min.js,uploader/6.2.13/theme-min.js

  phantomjs://platform/console++.js:263 in error
[ERROR - 2018-12-28T10:28:42.682Z] Session [4f4e3c50-0a8b-11e9-8e47-01f2da61d809] - page.onError - stack:
  (anonymous function) (https://g.alicdn.com/??kissy/k/6.2.4/seed-min.js,kg/global-util/1.0.7/index-min.js,tb/tracker/4.3.12/index.js,kg/tb-nav/2.5.3/index-min.js,secdev/sufei_data/3.3.5/index.js:5)

  phantomjs://platform/console++.js:263 in error
[ERROR - 2018-12-28T10:28:42.682Z] Session [4f4e3c50-0a8b-11e9-8e47-01f2da61d809] - page.onError - msg: kg/search-suggest/6.3.1/mods/stat is not loaded! can not find module in path : https://g.alicdn.com/kg/??combobox/6.2.7/index-min.js,search-suggest/6.3.1/mods/local-query-min.js,search-suggest/6.3.1/mods/menu-min.js,search-suggest/6.3.1/tpl/cloud-min.js,search-suggest/6.3.1/mods/bts-min.js,uploader/6.2.13/index-min.js,uploader/6.2.13/plugins/auth/auth-min.js,uploader/6.2.13/plugins/filedrop/filedrop-min.js,search-suggest/6.3.1/mods/stat-min.js,uploader/6.2.13/theme-min.js

  phantomjs://platform/console++.js:263 in error
[ERROR - 2018-12-28T10:28:42.683Z] Session [4f4e3c50-0a8b-11e9-8e47-01f2da61d809] - page.onError - stack:
  (anonymous function) (https://g.alicdn.com/??kissy/k/6.2.4/seed-min.js,kg/global-util/1.0.7/index-min.js,tb/tracker/4.3.12/index.js,kg/tb-nav/2.5.3/index-min.js,secdev/sufei_data/3.3.5/index.js:5)

  phantomjs://platform/console++.js:263 in error
[ERROR - 2018-12-28T10:28:42.683Z] Session [4f4e3c50-0a8b-11e9-8e47-01f2da61d809] - page.onError - msg: kg/uploader/6.2.13/theme is not loaded! can not find module in path : https://g.alicdn.com/kg/??combobox/6.2.7/index-min.js,search-suggest/6.3.1/mods/local-query-min.js,search-suggest/6.3.1/mods/menu-min.js,search-suggest/6.3.1/tpl/cloud-min.js,search-suggest/6.3.1/mods/bts-min.js,uploader/6.2.13/index-min.js,uploader/6.2.13/plugins/auth/auth-min.js,uploader/6.2.13/plugins/filedrop/filedrop-min.js,search-suggest/6.3.1/mods/stat-min.js,uploader/6.2.13/theme-min.js

  phantomjs://platform/console++.js:263 in error
[ERROR - 2018-12-28T10:28:42.683Z] Session [4f4e3c50-0a8b-11e9-8e47-01f2da61d809] - page.onError - stack:
  (anonymous function) (https://g.alicdn.com/??kissy/k/6.2.4/seed-min.js,kg/global-util/1.0.7/index-min.js,tb/tracker/4.3.12/index.js,kg/tb-nav/2.5.3/index-min.js,secdev/sufei_data/3.3.5/index.js:5)

  phantomjs://platform/console++.js:263 in error
[ERROR - 2018-12-28T10:28:42.684Z] Session [4f4e3c50-0a8b-11e9-8e47-01f2da61d809] - page.onError - msg: kg/search-suggest/6.3.1/theme/pailitao/index.css is not loaded! can not find module in path : https://g.alicdn.com/kg/??search-suggest/6.3.1/theme/pailitao/index-min.css

  phantomjs://platform/console++.js:263 in error
[ERROR - 2018-12-28T10:28:42.685Z] Session [4f4e3c50-0a8b-11e9-8e47-01f2da61d809] - page.onError - stack:
  (anonymous function) (https://g.alicdn.com/??kissy/k/6.2.4/seed-min.js,kg/global-util/1.0.7/index-min.js,tb/tracker/4.3.12/index.js,kg/tb-nav/2.5.3/index-min.js,secdev/sufei_data/3.3.5/index.js:5)

  phantomjs://platform/console++.js:263 in error
[ERROR - 2018-12-28T10:28:45.245Z] WebElementLocator - _handleLocateCommand - Element(s) NOT Found: GAVE UP. Search Stop Time: 1545992925196

  phantomjs://platform/console++.js:263 in error
[ERROR - 2018-12-28T10:28:46.323Z] WebElementLocator - _handleLocateCommand - Element(s) NOT Found: GAVE UP. Search Stop Time: 1545992926274

  phantomjs://platform/console++.js:263 in error
[ERROR - 2018-12-28T10:28:47.401Z] WebElementLocator - _handleLocateCommand - Element(s) NOT Found: GAVE UP. Search Stop Time: 1545992927352

  phantomjs://platform/console++.js:263 in error
[ERROR - 2018-12-28T10:28:48.373Z] WebElementLocator - _handleLocateCommand - Element(s) NOT Found: GAVE UP. Search Stop Time: 1545992928366

  phantomjs://platform/console++.js:263 in error
[ERROR - 2018-12-28T10:28:49.437Z] WebElementLocator - _handleLocateCommand - Element(s) NOT Found: GAVE UP. Search Stop Time: 1545992929385

  phantomjs://platform/console++.js:263 in error
[ERROR - 2018-12-28T10:28:50.456Z] WebElementLocator - _handleLocateCommand - Element(s) NOT Found: GAVE UP. Search Stop Time: 1545992930413

  phantomjs://platform/console++.js:263 in error
[ERROR - 2018-12-28T10:28:51.447Z] WebElementLocator - _handleLocateCommand - Element(s) NOT Found: GAVE UP. Search Stop Time: 1545992931406

  phantomjs://platform/console++.js:263 in error
[ERROR - 2018-12-28T10:28:52.528Z] WebElementLocator - _handleLocateCommand - Element(s) NOT Found: GAVE UP. Search Stop Time: 1545992932465

  phantomjs://platform/console++.js:263 in error
[ERROR - 2018-12-28T10:28:53.614Z] WebElementLocator - _handleLocateCommand - Element(s) NOT Found: GAVE UP. Search Stop Time: 1545992933582

  phantomjs://platform/console++.js:263 in error
[ERROR - 2018-12-28T10:28:54.604Z] WebElementLocator - _handleLocateCommand - Element(s) NOT Found: GAVE UP. Search Stop Time: 1545992934560

  phantomjs://platform/console++.js:263 in error
